{
  "uid" : "15ba987b6695a18c",
  "name" : "test_add[1-2-4-用例描述1]",
  "fullName" : "testCase.caseOne.test_calc.TestCalc#test_add",
  "historyId" : "7980ed253c002b90c1cf3f5698237c45",
  "time" : {
    "start" : 1567599652738,
    "stop" : 1567599653839,
    "duration" : 1101
  },
  "description" : "执行加法测试用例",
  "descriptionHtml" : "<p>执行加法测试用例</p>\n",
  "status" : "failed",
  "statusMessage" : "AssertionError: assert 3 == 4",
  "statusTrace" : "self = <caseOne.test_calc.TestCalc object at 0x000001EA96217550>, a = 1, b = 2\nc = 4, d = '用例描述1', foo = 4\n\n    @allure.story(\"测试一个加法运算\")\n    @pytest.mark.parametrize('a,b,c,d',[(1,2,4,\"用例描述1\"),(2,4,6,\"用例描述2\"),(3,7,10,\"用例描述3\")])\n    def test_add(self,a,b,c,d,foo):\n        '''执行加法测试用例'''\n        print(u''+d)\n        # print(\"执行之前调用一次%d\"%foo)\n        sleep(1.1)\n        result = calculate.add(a,b)\n        # print(\"执行期间有调用一次%d\"%foo)\n>       assert result == c\nE       assert 3 == 4\n\ntestCase\\caseOne\\test_calc.py:34: AssertionError",
  "flaky" : true,
  "beforeStages" : [ {
    "name" : "foo",
    "time" : {
      "start" : 1567599652737,
      "stop" : 1567599652737,
      "duration" : 0
    },
    "status" : "passed",
    "steps" : [ ],
    "attachments" : [ ],
    "parameters" : [ ],
    "attachmentsCount" : 0,
    "shouldDisplayMessage" : false,
    "stepsCount" : 0,
    "hasContent" : false
  } ],
  "testStage" : {
    "description" : "执行加法测试用例",
    "status" : "failed",
    "statusMessage" : "AssertionError: assert 3 == 4",
    "statusTrace" : "self = <caseOne.test_calc.TestCalc object at 0x000001EA96217550>, a = 1, b = 2\nc = 4, d = '用例描述1', foo = 4\n\n    @allure.story(\"测试一个加法运算\")\n    @pytest.mark.parametrize('a,b,c,d',[(1,2,4,\"用例描述1\"),(2,4,6,\"用例描述2\"),(3,7,10,\"用例描述3\")])\n    def test_add(self,a,b,c,d,foo):\n        '''执行加法测试用例'''\n        print(u''+d)\n        # print(\"执行之前调用一次%d\"%foo)\n        sleep(1.1)\n        result = calculate.add(a,b)\n        # print(\"执行期间有调用一次%d\"%foo)\n>       assert result == c\nE       assert 3 == 4\n\ntestCase\\caseOne\\test_calc.py:34: AssertionError",
    "steps" : [ ],
    "attachments" : [ {
      "uid" : "62be7dc7682d634e",
      "name" : "stdout",
      "source" : "62be7dc7682d634e.txt",
      "type" : "text/plain",
      "size" : 14
    } ],
    "parameters" : [ ],
    "attachmentsCount" : 1,
    "shouldDisplayMessage" : true,
    "stepsCount" : 0,
    "hasContent" : true
  },
  "afterStages" : [ ],
  "labels" : [ {
    "name" : "story",
    "value" : "测试一个加法运算"
  }, {
    "name" : "feature",
    "value" : "使用pytst+allure的demo-->算数运算"
  }, {
    "name" : "parentSuite",
    "value" : "testCase.caseOne"
  }, {
    "name" : "suite",
    "value" : "test_calc"
  }, {
    "name" : "subSuite",
    "value" : "TestCalc"
  }, {
    "name" : "host",
    "value" : "DESKTOP-PI4KT4H"
  }, {
    "name" : "thread",
    "value" : "14444-MainThread"
  }, {
    "name" : "framework",
    "value" : "pytest"
  }, {
    "name" : "language",
    "value" : "cpython3"
  }, {
    "name" : "package",
    "value" : "testCase.caseOne.test_calc"
  }, {
    "name" : "resultFormat",
    "value" : "allure2"
  } ],
  "parameters" : [ {
    "name" : "a",
    "value" : "1"
  }, {
    "name" : "b",
    "value" : "2"
  }, {
    "name" : "c",
    "value" : "4"
  }, {
    "name" : "d",
    "value" : "'用例描述1'"
  } ],
  "links" : [ ],
  "hidden" : false,
  "retry" : false,
  "extra" : {
    "severity" : "normal",
    "retries" : [ {
      "uid" : "df265a174629af06",
      "status" : "failed",
      "statusDetails" : "AssertionError: assert 3 == 4",
      "time" : {
        "start" : 1567599526227,
        "stop" : 1567599527329,
        "duration" : 1102
      }
    }, {
      "uid" : "5d292bf65aebb0ae",
      "status" : "failed",
      "statusDetails" : "AssertionError: assert 3 == 4",
      "time" : {
        "start" : 1567598735231,
        "stop" : 1567598736333,
        "duration" : 1102
      }
    }, {
      "uid" : "c6013faab289d81f",
      "status" : "failed",
      "statusDetails" : "AssertionError: assert 3 == 4",
      "time" : {
        "start" : 1567597620763,
        "stop" : 1567597621865,
        "duration" : 1102
      }
    }, {
      "uid" : "d02f4ae51a2d420c",
      "status" : "failed",
      "statusDetails" : "AssertionError: assert 3 == 4",
      "time" : {
        "start" : 1567597552182,
        "stop" : 1567597553283,
        "duration" : 1101
      }
    }, {
      "uid" : "cb88b7eec2333627",
      "status" : "failed",
      "statusDetails" : "AssertionError: assert 3 == 4",
      "time" : {
        "start" : 1567596365478,
        "stop" : 1567596366579,
        "duration" : 1101
      }
    }, {
      "uid" : "c6a34a1d22f787d4",
      "status" : "failed",
      "statusDetails" : "AssertionError: assert 3 == 4",
      "time" : {
        "start" : 1567595961554,
        "stop" : 1567595962656,
        "duration" : 1102
      }
    }, {
      "uid" : "4ed23e9b9ed1340b",
      "status" : "failed",
      "statusDetails" : "AssertionError: assert 3 == 4",
      "time" : {
        "start" : 1567595846054,
        "stop" : 1567595847155,
        "duration" : 1101
      }
    }, {
      "uid" : "caf0e624c13231f7",
      "status" : "failed",
      "statusDetails" : "AssertionError: assert 3 == 4",
      "time" : {
        "start" : 1567595816802,
        "stop" : 1567595817902,
        "duration" : 1100
      }
    }, {
      "uid" : "ccc855937c88b192",
      "status" : "failed",
      "statusDetails" : "AssertionError: assert 3 == 4",
      "time" : {
        "start" : 1567595591398,
        "stop" : 1567595592501,
        "duration" : 1103
      }
    } ],
    "categories" : [ {
      "name" : "Product defects",
      "matchedStatuses" : [ ],
      "flaky" : false
    } ],
    "tags" : [ ]
  },
  "source" : "15ba987b6695a18c.json",
  "parameterValues" : [ "1", "2", "4", "'用例描述1'" ]
}